2020-05-09T22:23:03.351091+09:00 0 [Warning] [MY-011070] [Server] 'Disabling symbolic links using --skip-symbolic-links (or equivalent) is the default. Consider not using this option as it' is deprecated and will be removed in a future release.
2020-05-09T22:23:03.351295+09:00 0 [System] [MY-013169] [Server] /usr/sbin/mysqld (mysqld 8.0.20) initializing of server in progress as process 44
2020-05-09T22:23:03.400783+09:00 1 [System] [MY-013576] [InnoDB] InnoDB initialization has started.
2020-05-09T22:23:07.063350+09:00 1 [System] [MY-013577] [InnoDB] InnoDB initialization has ended.
2020-05-09T22:23:21.536691+09:00 6 [Warning] [MY-010453] [Server] root@localhost is created with an empty password ! Please consider switching off the --initialize-insecure option.
2020-05-09T22:24:09.979107+09:00 0 [Warning] [MY-011070] [Server] 'Disabling symbolic links using --skip-symbolic-links (or equivalent) is the default. Consider not using this option as it' is deprecated and will be removed in a future release.
2020-05-09T22:24:09.979703+09:00 0 [System] [MY-010116] [Server] /usr/sbin/mysqld (mysqld 8.0.20) starting as process 91
2020-05-09T22:24:10.604447+09:00 1 [System] [MY-013576] [InnoDB] InnoDB initialization has started.
2020-05-09T22:24:17.989963+09:00 1 [System] [MY-013577] [InnoDB] InnoDB initialization has ended.
2020-05-09T22:24:21.284356+09:00 0 [System] [MY-011323] [Server] X Plugin ready for connections. Socket: '/var/run/mysqld/mysqlx.sock'
2020-05-09T22:24:24.128699+09:00 0 [Warning] [MY-010068] [Server] CA certificate ca.pem is self signed.
2020-05-09T22:24:24.148938+09:00 0 [Warning] [MY-011810] [Server] Insecure configuration for --pid-file: Location '/var/run/mysqld' in the path is accessible to all OS users. Consider choosing a different directory.
2020-05-09T22:24:24.390447+09:00 0 [System] [MY-010931] [Server] /usr/sbin/mysqld: ready for connections. Version: '8.0.20'  socket: '/var/run/mysqld/mysqld.sock'  port: 0  MySQL Community Server - GPL.
2020-05-09T22:25:35.710036+09:00 14 [System] [MY-013172] [Server] Received SHUTDOWN from user root. Shutting down mysqld (Version: 8.0.20).
2020-05-09T22:25:40.850038+09:00 0 [System] [MY-010910] [Server] /usr/sbin/mysqld: Shutdown complete (mysqld 8.0.20)  MySQL Community Server - GPL.
2020-05-09T22:25:42.833285+09:00 0 [Warning] [MY-011070] [Server] 'Disabling symbolic links using --skip-symbolic-links (or equivalent) is the default. Consider not using this option as it' is deprecated and will be removed in a future release.
2020-05-09T22:25:42.833604+09:00 0 [System] [MY-010116] [Server] /usr/sbin/mysqld (mysqld 8.0.20) starting as process 1
2020-05-09T22:25:42.927361+09:00 1 [System] [MY-013576] [InnoDB] InnoDB initialization has started.
2020-05-09T22:25:44.499160+09:00 1 [System] [MY-013577] [InnoDB] InnoDB initialization has ended.
2020-05-09T22:25:49.188712+09:00 0 [System] [MY-011323] [Server] X Plugin ready for connections. Socket: '/var/run/mysqld/mysqlx.sock' bind-address: '::' port: 33060
2020-05-09T22:25:49.822881+09:00 0 [Warning] [MY-010068] [Server] CA certificate ca.pem is self signed.
2020-05-09T22:25:49.835061+09:00 0 [Warning] [MY-011810] [Server] Insecure configuration for --pid-file: Location '/var/run/mysqld' in the path is accessible to all OS users. Consider choosing a different directory.
2020-05-09T22:25:50.890652+09:00 0 [System] [MY-010931] [Server] /usr/sbin/mysqld: ready for connections. Version: '8.0.20'  socket: '/var/run/mysqld/mysqld.sock'  port: 3306  MySQL Community Server - GPL.
